<?xml version="1.0" encoding="UTF-8"?>
<!-- Generated by org.testng.reporters.JUnitReportReporter -->
<testsuite skipped="0" hostname="user-PC" name="testScript.Test1" tests="1" failures="0" timestamp="29 May 2018 18:53:43 GMT" time="32.390" errors="0">
  <testcase name="testFaceBookHkome" time="32.390" classname="testScript.Test1"/>
</testsuite> <!-- testScript.Test1 -->
