<?xml version="1.0" encoding="UTF-8"?>
<!-- Generated by org.testng.reporters.JUnitReportReporter -->
<testsuite skipped="0" hostname="user-PC" name="testScript.Test1" tests="1" failures="0" timestamp="02 Jun 2018 06:32:49 GMT" time="27.398" errors="0">
  <testcase name="testFaceBookHkome" time="27.398" classname="testScript.Test1"/>
</testsuite> <!-- testScript.Test1 -->
